C:\Diwakar\git\Project\eCommerce\eCommerce\Scripts\out-tsc\app\cart\cart.component.js
C:\Diwakar\git\Project\eCommerce\eCommerce\Scripts\out-tsc\app\cart\cart.component.js.map
C:\Diwakar\git\Project\eCommerce\eCommerce\Scripts\out-tsc\shared\UserModel.js
C:\Diwakar\git\Project\eCommerce\eCommerce\Scripts\out-tsc\shared\UserModel.js.map
C:\Diwakar\git\Project\eCommerce\eCommerce\Scripts\out-tsc\shared\ProductModel.js
C:\Diwakar\git\Project\eCommerce\eCommerce\Scripts\out-tsc\shared\ProductModel.js.map
C:\Diwakar\git\Project\eCommerce\eCommerce\Scripts\out-tsc\shared\helper.service.js
C:\Diwakar\git\Project\eCommerce\eCommerce\Scripts\out-tsc\shared\helper.service.js.map
C:\Diwakar\git\Project\eCommerce\eCommerce\Scripts\out-tsc\app\home\home.component.js
C:\Diwakar\git\Project\eCommerce\eCommerce\Scripts\out-tsc\app\home\home.component.js.map
C:\Diwakar\git\Project\eCommerce\eCommerce\Scripts\out-tsc\app\payment\payment.component.js
C:\Diwakar\git\Project\eCommerce\eCommerce\Scripts\out-tsc\app\payment\payment.component.js.map
C:\Diwakar\git\Project\eCommerce\eCommerce\Scripts\out-tsc\app\product\product.component.js
C:\Diwakar\git\Project\eCommerce\eCommerce\Scripts\out-tsc\app\product\product.component.js.map
C:\Diwakar\git\Project\eCommerce\eCommerce\Scripts\out-tsc\app\shop\shop.component.js
C:\Diwakar\git\Project\eCommerce\eCommerce\Scripts\out-tsc\app\shop\shop.component.js.map
C:\Diwakar\git\Project\eCommerce\eCommerce\Scripts\out-tsc\app\app-routing.module.js
C:\Diwakar\git\Project\eCommerce\eCommerce\Scripts\out-tsc\app\app-routing.module.js.map
C:\Diwakar\git\Project\eCommerce\eCommerce\Scripts\out-tsc\app\app.component.js
C:\Diwakar\git\Project\eCommerce\eCommerce\Scripts\out-tsc\app\app.component.js.map
C:\Diwakar\git\Project\eCommerce\eCommerce\Scripts\out-tsc\app\nav-bar\nav-bar.component.js
C:\Diwakar\git\Project\eCommerce\eCommerce\Scripts\out-tsc\app\nav-bar\nav-bar.component.js.map
C:\Diwakar\git\Project\eCommerce\eCommerce\Scripts\out-tsc\app\shimmer\shimmer.component.js
C:\Diwakar\git\Project\eCommerce\eCommerce\Scripts\out-tsc\app\shimmer\shimmer.component.js.map
C:\Diwakar\git\Project\eCommerce\eCommerce\Scripts\out-tsc\app\app.module.js
C:\Diwakar\git\Project\eCommerce\eCommerce\Scripts\out-tsc\app\app.module.js.map
C:\Diwakar\git\Project\eCommerce\eCommerce\Scripts\out-tsc\main.js
C:\Diwakar\git\Project\eCommerce\eCommerce\Scripts\out-tsc\main.js.map
C:\Diwakar\git\Project\eCommerce\eCommerce\Scripts\out-tsc\app\app.component.spec.js
C:\Diwakar\git\Project\eCommerce\eCommerce\Scripts\out-tsc\app\app.component.spec.js.map
C:\Diwakar\git\Project\eCommerce\eCommerce\Scripts\out-tsc\app\cart\cart.component.spec.js
C:\Diwakar\git\Project\eCommerce\eCommerce\Scripts\out-tsc\app\cart\cart.component.spec.js.map
C:\Diwakar\git\Project\eCommerce\eCommerce\Scripts\out-tsc\app\home\home.component.spec.js
C:\Diwakar\git\Project\eCommerce\eCommerce\Scripts\out-tsc\app\home\home.component.spec.js.map
C:\Diwakar\git\Project\eCommerce\eCommerce\Scripts\out-tsc\app\nav-bar\nav-bar.component.spec.js
C:\Diwakar\git\Project\eCommerce\eCommerce\Scripts\out-tsc\app\nav-bar\nav-bar.component.spec.js.map
C:\Diwakar\git\Project\eCommerce\eCommerce\Scripts\out-tsc\app\payment\payment.component.spec.js
C:\Diwakar\git\Project\eCommerce\eCommerce\Scripts\out-tsc\app\payment\payment.component.spec.js.map
C:\Diwakar\git\Project\eCommerce\eCommerce\Scripts\out-tsc\app\product\product.component.spec.js
C:\Diwakar\git\Project\eCommerce\eCommerce\Scripts\out-tsc\app\product\product.component.spec.js.map
C:\Diwakar\git\Project\eCommerce\eCommerce\Scripts\out-tsc\app\shimmer\shimmer.component.spec.js
C:\Diwakar\git\Project\eCommerce\eCommerce\Scripts\out-tsc\app\shimmer\shimmer.component.spec.js.map
C:\Diwakar\git\Project\eCommerce\eCommerce\Scripts\out-tsc\app\shop\shop.component.spec.js
C:\Diwakar\git\Project\eCommerce\eCommerce\Scripts\out-tsc\app\shop\shop.component.spec.js.map
